[     218ms] [WARNING] <meta name="apple-mobile-web-app-capable" content="yes"> is deprecated. Please include <meta name="mobile-web-app-capable" content="yes"> @ http://localhost/CLAUDISHOP/admin/index.php:0
[   40744ms] [WARNING] <meta name="apple-mobile-web-app-capable" content="yes"> is deprecated. Please include <meta name="mobile-web-app-capable" content="yes"> @ http://localhost/CLAUDISHOP/admin/index.php:0
[   45365ms] [WARNING] <meta name="apple-mobile-web-app-capable" content="yes"> is deprecated. Please include <meta name="mobile-web-app-capable" content="yes"> @ http://localhost/CLAUDISHOP/admin/paiements.php:0
[   49965ms] [WARNING] <meta name="apple-mobile-web-app-capable" content="yes"> is deprecated. Please include <meta name="mobile-web-app-capable" content="yes"> @ http://localhost/CLAUDISHOP/admin/index.php:0
[   75230ms] [VERBOSE] [DOM] Input elements should have autocomplete attributes (suggested: "current-password"): (More info: https://goo.gl/9p2vKq) %o @ http://localhost/CLAUDISHOP/admin/livreurs.php:0
[   75242ms] [WARNING] <meta name="apple-mobile-web-app-capable" content="yes"> is deprecated. Please include <meta name="mobile-web-app-capable" content="yes"> @ http://localhost/CLAUDISHOP/admin/livreurs.php:0
[   95558ms] [WARNING] <meta name="apple-mobile-web-app-capable" content="yes"> is deprecated. Please include <meta name="mobile-web-app-capable" content="yes"> @ http://localhost/CLAUDISHOP/admin/notifications.php:0
[   99417ms] [WARNING] <meta name="apple-mobile-web-app-capable" content="yes"> is deprecated. Please include <meta name="mobile-web-app-capable" content="yes"> @ http://localhost/CLAUDISHOP/admin/avis.php:0
[  102988ms] [WARNING] <meta name="apple-mobile-web-app-capable" content="yes"> is deprecated. Please include <meta name="mobile-web-app-capable" content="yes"> @ http://localhost/CLAUDISHOP/admin/commandes.php:0
[  106105ms] [ERROR] Failed to load resource: the server responded with a status of 404 (Not Found) @ http://localhost/CLAUDISHOP/uploads/produits/placeholder.jpg:0
[  106199ms] [WARNING] <meta name="apple-mobile-web-app-capable" content="yes"> is deprecated. Please include <meta name="mobile-web-app-capable" content="yes"> @ http://localhost/CLAUDISHOP/admin/produits.php:0
[  108331ms] [WARNING] <meta name="apple-mobile-web-app-capable" content="yes"> is deprecated. Please include <meta name="mobile-web-app-capable" content="yes"> @ http://localhost/CLAUDISHOP/admin/utilisateurs.php:0
[  114282ms] [WARNING] <meta name="apple-mobile-web-app-capable" content="yes"> is deprecated. Please include <meta name="mobile-web-app-capable" content="yes"> @ http://localhost/CLAUDISHOP/admin/categories.php:0
[  115994ms] [WARNING] <meta name="apple-mobile-web-app-capable" content="yes"> is deprecated. Please include <meta name="mobile-web-app-capable" content="yes"> @ http://localhost/CLAUDISHOP/index.php:0
[  218847ms] [WARNING] <meta name="apple-mobile-web-app-capable" content="yes"> is deprecated. Please include <meta name="mobile-web-app-capable" content="yes"> @ http://localhost/CLAUDISHOP/admin/index.php:0
[  222664ms] [WARNING] <meta name="apple-mobile-web-app-capable" content="yes"> is deprecated. Please include <meta name="mobile-web-app-capable" content="yes"> @ http://localhost/CLAUDISHOP/user/dashboard.php:0
[  226218ms] [WARNING] <meta name="apple-mobile-web-app-capable" content="yes"> is deprecated. Please include <meta name="mobile-web-app-capable" content="yes"> @ http://localhost/CLAUDISHOP/user/dashboard.php:0
[  235125ms] [WARNING] <meta name="apple-mobile-web-app-capable" content="yes"> is deprecated. Please include <meta name="mobile-web-app-capable" content="yes"> @ http://localhost/CLAUDISHOP/admin/index.php:0
[  243121ms] [WARNING] <meta name="apple-mobile-web-app-capable" content="yes"> is deprecated. Please include <meta name="mobile-web-app-capable" content="yes"> @ http://localhost/CLAUDISHOP/user/dashboard.php:0
[  282949ms] [WARNING] <meta name="apple-mobile-web-app-capable" content="yes"> is deprecated. Please include <meta name="mobile-web-app-capable" content="yes"> @ http://localhost/CLAUDISHOP/user/notifications.php:0
[  287933ms] [WARNING] <meta name="apple-mobile-web-app-capable" content="yes"> is deprecated. Please include <meta name="mobile-web-app-capable" content="yes"> @ http://localhost/CLAUDISHOP/user/dashboard.php:0
[  291132ms] [WARNING] <meta name="apple-mobile-web-app-capable" content="yes"> is deprecated. Please include <meta name="mobile-web-app-capable" content="yes"> @ http://localhost/CLAUDISHOP/admin/index.php:0
[  346832ms] [WARNING] <meta name="apple-mobile-web-app-capable" content="yes"> is deprecated. Please include <meta name="mobile-web-app-capable" content="yes"> @ http://localhost/CLAUDISHOP/admin/commandes.php:0
[  347713ms] [WARNING] <meta name="apple-mobile-web-app-capable" content="yes"> is deprecated. Please include <meta name="mobile-web-app-capable" content="yes"> @ http://localhost/CLAUDISHOP/admin/categories.php:0
[  348588ms] [WARNING] <meta name="apple-mobile-web-app-capable" content="yes"> is deprecated. Please include <meta name="mobile-web-app-capable" content="yes"> @ http://localhost/CLAUDISHOP/admin/utilisateurs.php:0
[  350792ms] [VERBOSE] [DOM] Input elements should have autocomplete attributes (suggested: "current-password"): (More info: https://goo.gl/9p2vKq) %o @ http://localhost/CLAUDISHOP/admin/livreurs.php:0
[  350807ms] [WARNING] <meta name="apple-mobile-web-app-capable" content="yes"> is deprecated. Please include <meta name="mobile-web-app-capable" content="yes"> @ http://localhost/CLAUDISHOP/admin/livreurs.php:0
[  444455ms] [WARNING] <meta name="apple-mobile-web-app-capable" content="yes"> is deprecated. Please include <meta name="mobile-web-app-capable" content="yes"> @ http://localhost/CLAUDISHOP/index.php:0
[  448285ms] [WARNING] <meta name="apple-mobile-web-app-capable" content="yes"> is deprecated. Please include <meta name="mobile-web-app-capable" content="yes"> @ http://localhost/CLAUDISHOP/index.php:0
[  450989ms] [WARNING] [GSI_LOGGER]: Failed to render button before calling initialize(). @ https://accounts.google.com/gsi/client:84
[  450995ms] [VERBOSE] [DOM] Input elements should have autocomplete attributes (suggested: "current-password"): (More info: https://goo.gl/9p2vKq) %o @ http://localhost/CLAUDISHOP/pages/connexion.php:0
[  450999ms] [WARNING] <meta name="apple-mobile-web-app-capable" content="yes"> is deprecated. Please include <meta name="mobile-web-app-capable" content="yes"> @ http://localhost/CLAUDISHOP/pages/connexion.php:0
[  452648ms] [INFO] Slow network is detected. See https://www.chromestatus.com/feature/5636954674692096 for more details. Fallback font will be used while loading: https://fonts.gstatic.com/s/googlesans/v62/4UaRrENHsxJlGDuGo1OIlJfC6l_24rlCK1Yo_Iq2vgCI.woff2 @ https://accounts.google.com/gsi/button?theme=outline&size=large&type=standard&shape=rectangular&text=signin_with&width=280&is_fedcm_supported=true&client_id=756205726898-ii5v6d7ugvj49krl0vo78q169vbtmhh8.apps.googleusercontent.com&iframe_id=gsi_488277_316344&cas=DQVBcUmx604kRAgqWdS7lFe3XzCY8e3yNynzd676O4Q:0
[  453571ms] [WARNING] <meta name="apple-mobile-web-app-capable" content="yes"> is deprecated. Please include <meta name="mobile-web-app-capable" content="yes"> @ http://localhost/CLAUDISHOP/index.php:0
[  487235ms] [WARNING] [GSI_LOGGER]: Failed to render button before calling initialize(). @ https://accounts.google.com/gsi/client:84
[  487250ms] [VERBOSE] [DOM] Input elements should have autocomplete attributes (suggested: "current-password"): (More info: https://goo.gl/9p2vKq) %o @ http://localhost/CLAUDISHOP/pages/connexion.php:0
[  487252ms] [WARNING] <meta name="apple-mobile-web-app-capable" content="yes"> is deprecated. Please include <meta name="mobile-web-app-capable" content="yes"> @ http://localhost/CLAUDISHOP/pages/connexion.php:0
[  498901ms] [WARNING] <meta name="apple-mobile-web-app-capable" content="yes"> is deprecated. Please include <meta name="mobile-web-app-capable" content="yes"> @ http://localhost/CLAUDISHOP/admin/index.php:0
[  543356ms] [WARNING] <meta name="apple-mobile-web-app-capable" content="yes"> is deprecated. Please include <meta name="mobile-web-app-capable" content="yes"> @ http://localhost/CLAUDISHOP/index.php:0
[  544990ms] [WARNING] [GSI_LOGGER]: Failed to render button before calling initialize(). @ https://accounts.google.com/gsi/client:84
[  544996ms] [VERBOSE] [DOM] Input elements should have autocomplete attributes (suggested: "current-password"): (More info: https://goo.gl/9p2vKq) %o @ http://localhost/CLAUDISHOP/pages/connexion.php:0
[  545011ms] [WARNING] <meta name="apple-mobile-web-app-capable" content="yes"> is deprecated. Please include <meta name="mobile-web-app-capable" content="yes"> @ http://localhost/CLAUDISHOP/pages/connexion.php:0
[  547164ms] [VERBOSE] [DOM] Input elements should have autocomplete attributes (suggested: "new-password"): (More info: https://goo.gl/9p2vKq) %o @ http://localhost/CLAUDISHOP/pages/inscription.php:0
[  547165ms] [VERBOSE] [DOM] Input elements should have autocomplete attributes (suggested: "new-password"): (More info: https://goo.gl/9p2vKq) %o @ http://localhost/CLAUDISHOP/pages/inscription.php:0
[  547174ms] [WARNING] <meta name="apple-mobile-web-app-capable" content="yes"> is deprecated. Please include <meta name="mobile-web-app-capable" content="yes"> @ http://localhost/CLAUDISHOP/pages/inscription.php:0
[  630721ms] [WARNING] <meta name="apple-mobile-web-app-capable" content="yes"> is deprecated. Please include <meta name="mobile-web-app-capable" content="yes"> @ http://localhost/CLAUDISHOP/user/dashboard.php:0
[  639525ms] [WARNING] <meta name="apple-mobile-web-app-capable" content="yes"> is deprecated. Please include <meta name="mobile-web-app-capable" content="yes"> @ http://localhost/CLAUDISHOP/pages/panier.php:0
[  642242ms] [WARNING] <meta name="apple-mobile-web-app-capable" content="yes"> is deprecated. Please include <meta name="mobile-web-app-capable" content="yes"> @ http://localhost/CLAUDISHOP/index.php:0
[  660780ms] [WARNING] <meta name="apple-mobile-web-app-capable" content="yes"> is deprecated. Please include <meta name="mobile-web-app-capable" content="yes"> @ http://localhost/CLAUDISHOP/pages/boutique.php?categorie=2:0
[  675050ms] [WARNING] <meta name="apple-mobile-web-app-capable" content="yes"> is deprecated. Please include <meta name="mobile-web-app-capable" content="yes"> @ http://localhost/CLAUDISHOP/pages/boutique.php?categorie=4:0
[  681046ms] [WARNING] <meta name="apple-mobile-web-app-capable" content="yes"> is deprecated. Please include <meta name="mobile-web-app-capable" content="yes"> @ http://localhost/CLAUDISHOP/pages/panier.php:0
[  690691ms] [WARNING] <meta name="apple-mobile-web-app-capable" content="yes"> is deprecated. Please include <meta name="mobile-web-app-capable" content="yes"> @ http://localhost/CLAUDISHOP/pages/checkout.php:0
[  763643ms] [WARNING] <meta name="apple-mobile-web-app-capable" content="yes"> is deprecated. Please include <meta name="mobile-web-app-capable" content="yes"> @ http://localhost/CLAUDISHOP/pages/paiement.php?token=fdp_e29ebf585ab304afc330236a61280a77:0
[  962485ms] [WARNING] [GSI_LOGGER]: Failed to render button before calling initialize(). @ https://accounts.google.com/gsi/client:84
[  962490ms] [VERBOSE] [DOM] Input elements should have autocomplete attributes (suggested: "current-password"): (More info: https://goo.gl/9p2vKq) %o @ http://localhost/CLAUDISHOP/pages/connexion.php:0
[  962496ms] [WARNING] <meta name="apple-mobile-web-app-capable" content="yes"> is deprecated. Please include <meta name="mobile-web-app-capable" content="yes"> @ http://localhost/CLAUDISHOP/pages/connexion.php:0
[  996357ms] [WARNING] <meta name="apple-mobile-web-app-capable" content="yes"> is deprecated. Please include <meta name="mobile-web-app-capable" content="yes"> @ http://localhost/CLAUDISHOP/user/dashboard.php:0
[ 1003262ms] [WARNING] <meta name="apple-mobile-web-app-capable" content="yes"> is deprecated. Please include <meta name="mobile-web-app-capable" content="yes"> @ http://localhost/CLAUDISHOP/user/suivi_livraison.php:0
[ 1007985ms] [WARNING] <meta name="apple-mobile-web-app-capable" content="yes"> is deprecated. Please include <meta name="mobile-web-app-capable" content="yes"> @ http://localhost/CLAUDISHOP/user/mes_commandes.php:0
[ 1045324ms] [WARNING] <meta name="apple-mobile-web-app-capable" content="yes"> is deprecated. Please include <meta name="mobile-web-app-capable" content="yes"> @ http://localhost/CLAUDISHOP/user/notifications.php:0
[ 1051314ms] [WARNING] <meta name="apple-mobile-web-app-capable" content="yes"> is deprecated. Please include <meta name="mobile-web-app-capable" content="yes"> @ http://localhost/CLAUDISHOP/user/historique_paiement.php:0
[ 1057368ms] [WARNING] <meta name="apple-mobile-web-app-capable" content="yes"> is deprecated. Please include <meta name="mobile-web-app-capable" content="yes"> @ http://localhost/CLAUDISHOP/user/notifications.php:0
[ 1065307ms] [VERBOSE] [DOM] Input elements should have autocomplete attributes (suggested: "current-password"): (More info: https://goo.gl/9p2vKq) %o @ http://localhost/CLAUDISHOP/user/profil.php:0
[ 1065314ms] [WARNING] <meta name="apple-mobile-web-app-capable" content="yes"> is deprecated. Please include <meta name="mobile-web-app-capable" content="yes"> @ http://localhost/CLAUDISHOP/user/profil.php:0
[ 1066620ms] [WARNING] <meta name="apple-mobile-web-app-capable" content="yes"> is deprecated. Please include <meta name="mobile-web-app-capable" content="yes"> @ http://localhost/CLAUDISHOP/user/dashboard.php:0
[ 1074064ms] [WARNING] <meta name="apple-mobile-web-app-capable" content="yes"> is deprecated. Please include <meta name="mobile-web-app-capable" content="yes"> @ http://localhost/CLAUDISHOP/user/notifications.php:0
[ 1075966ms] [WARNING] <meta name="apple-mobile-web-app-capable" content="yes"> is deprecated. Please include <meta name="mobile-web-app-capable" content="yes"> @ http://localhost/CLAUDISHOP/user/notifications.php:0
[ 1078240ms] [WARNING] <meta name="apple-mobile-web-app-capable" content="yes"> is deprecated. Please include <meta name="mobile-web-app-capable" content="yes"> @ http://localhost/CLAUDISHOP/index.php:0
