[     128ms] [ERROR] Failed to load resource: the server responded with a status of 404 (Not Found) @ http://localhost/CLAUDISHOP/uploads/produits/placeholder.jpg:0
[     151ms] [WARNING] <meta name="apple-mobile-web-app-capable" content="yes"> is deprecated. Please include <meta name="mobile-web-app-capable" content="yes"> @ http://localhost/CLAUDISHOP/admin/produits.php:0
[   98428ms] [ERROR] Failed to load resource: the server responded with a status of 404 (Not Found) @ http://localhost/CLAUDISHOP/uploads/produits/placeholder.jpg:0
[   98455ms] [WARNING] <meta name="apple-mobile-web-app-capable" content="yes"> is deprecated. Please include <meta name="mobile-web-app-capable" content="yes"> @ http://localhost/CLAUDISHOP/admin/produits.php:0
[  107392ms] [ERROR] Failed to load resource: the server responded with a status of 404 (Not Found) @ http://localhost/CLAUDISHOP/uploads/produits/placeholder.jpg:0
[  107415ms] [WARNING] <meta name="apple-mobile-web-app-capable" content="yes"> is deprecated. Please include <meta name="mobile-web-app-capable" content="yes"> @ http://localhost/CLAUDISHOP/admin/produits.php#:0
[  107577ms] [ERROR] Failed to load resource: the server responded with a status of 404 (Not Found) @ http://localhost/CLAUDISHOP/uploads/produits/placeholder.jpg:0
[  107600ms] [WARNING] <meta name="apple-mobile-web-app-capable" content="yes"> is deprecated. Please include <meta name="mobile-web-app-capable" content="yes"> @ http://localhost/CLAUDISHOP/admin/produits.php#:0
[  107740ms] [ERROR] Failed to load resource: the server responded with a status of 404 (Not Found) @ http://localhost/CLAUDISHOP/uploads/produits/placeholder.jpg:0
[  107776ms] [WARNING] <meta name="apple-mobile-web-app-capable" content="yes"> is deprecated. Please include <meta name="mobile-web-app-capable" content="yes"> @ http://localhost/CLAUDISHOP/admin/produits.php#:0
[  107890ms] [ERROR] Failed to load resource: the server responded with a status of 404 (Not Found) @ http://localhost/CLAUDISHOP/uploads/produits/placeholder.jpg:0
[  107913ms] [WARNING] <meta name="apple-mobile-web-app-capable" content="yes"> is deprecated. Please include <meta name="mobile-web-app-capable" content="yes"> @ http://localhost/CLAUDISHOP/admin/produits.php#:0
[  108031ms] [ERROR] Failed to load resource: the server responded with a status of 404 (Not Found) @ http://localhost/CLAUDISHOP/uploads/produits/placeholder.jpg:0
[  108052ms] [WARNING] <meta name="apple-mobile-web-app-capable" content="yes"> is deprecated. Please include <meta name="mobile-web-app-capable" content="yes"> @ http://localhost/CLAUDISHOP/admin/produits.php#:0
[  108317ms] [ERROR] Failed to load resource: the server responded with a status of 404 (Not Found) @ http://localhost/CLAUDISHOP/uploads/produits/placeholder.jpg:0
[  108332ms] [WARNING] <meta name="apple-mobile-web-app-capable" content="yes"> is deprecated. Please include <meta name="mobile-web-app-capable" content="yes"> @ http://localhost/CLAUDISHOP/admin/produits.php#:0
[  108510ms] [ERROR] Failed to load resource: the server responded with a status of 404 (Not Found) @ http://localhost/CLAUDISHOP/uploads/produits/placeholder.jpg:0
[  108527ms] [WARNING] <meta name="apple-mobile-web-app-capable" content="yes"> is deprecated. Please include <meta name="mobile-web-app-capable" content="yes"> @ http://localhost/CLAUDISHOP/admin/produits.php#:0
[  108667ms] [ERROR] Failed to load resource: the server responded with a status of 404 (Not Found) @ http://localhost/CLAUDISHOP/uploads/produits/placeholder.jpg:0
[  108709ms] [WARNING] <meta name="apple-mobile-web-app-capable" content="yes"> is deprecated. Please include <meta name="mobile-web-app-capable" content="yes"> @ http://localhost/CLAUDISHOP/admin/produits.php#:0
[  108833ms] [ERROR] Failed to load resource: the server responded with a status of 404 (Not Found) @ http://localhost/CLAUDISHOP/uploads/produits/placeholder.jpg:0
[  108865ms] [WARNING] <meta name="apple-mobile-web-app-capable" content="yes"> is deprecated. Please include <meta name="mobile-web-app-capable" content="yes"> @ http://localhost/CLAUDISHOP/admin/produits.php#:0
[  108974ms] [ERROR] Failed to load resource: the server responded with a status of 404 (Not Found) @ http://localhost/CLAUDISHOP/uploads/produits/placeholder.jpg:0
[  109024ms] [WARNING] <meta name="apple-mobile-web-app-capable" content="yes"> is deprecated. Please include <meta name="mobile-web-app-capable" content="yes"> @ http://localhost/CLAUDISHOP/admin/produits.php#:0
[  109116ms] [ERROR] Failed to load resource: the server responded with a status of 404 (Not Found) @ http://localhost/CLAUDISHOP/uploads/produits/placeholder.jpg:0
[  109136ms] [WARNING] <meta name="apple-mobile-web-app-capable" content="yes"> is deprecated. Please include <meta name="mobile-web-app-capable" content="yes"> @ http://localhost/CLAUDISHOP/admin/produits.php#:0
[  109283ms] [ERROR] Failed to load resource: the server responded with a status of 404 (Not Found) @ http://localhost/CLAUDISHOP/uploads/produits/placeholder.jpg:0
[  109307ms] [WARNING] <meta name="apple-mobile-web-app-capable" content="yes"> is deprecated. Please include <meta name="mobile-web-app-capable" content="yes"> @ http://localhost/CLAUDISHOP/admin/produits.php#:0
[  109440ms] [ERROR] Failed to load resource: the server responded with a status of 404 (Not Found) @ http://localhost/CLAUDISHOP/uploads/produits/placeholder.jpg:0
[  109466ms] [WARNING] <meta name="apple-mobile-web-app-capable" content="yes"> is deprecated. Please include <meta name="mobile-web-app-capable" content="yes"> @ http://localhost/CLAUDISHOP/admin/produits.php#:0
[  109581ms] [ERROR] Failed to load resource: the server responded with a status of 404 (Not Found) @ http://localhost/CLAUDISHOP/uploads/produits/placeholder.jpg:0
[  109610ms] [WARNING] <meta name="apple-mobile-web-app-capable" content="yes"> is deprecated. Please include <meta name="mobile-web-app-capable" content="yes"> @ http://localhost/CLAUDISHOP/admin/produits.php#:0
[  109733ms] [ERROR] Failed to load resource: the server responded with a status of 404 (Not Found) @ http://localhost/CLAUDISHOP/uploads/produits/placeholder.jpg:0
[  109763ms] [WARNING] <meta name="apple-mobile-web-app-capable" content="yes"> is deprecated. Please include <meta name="mobile-web-app-capable" content="yes"> @ http://localhost/CLAUDISHOP/admin/produits.php#:0
[  109879ms] [ERROR] Failed to load resource: the server responded with a status of 404 (Not Found) @ http://localhost/CLAUDISHOP/uploads/produits/placeholder.jpg:0
[  109900ms] [WARNING] <meta name="apple-mobile-web-app-capable" content="yes"> is deprecated. Please include <meta name="mobile-web-app-capable" content="yes"> @ http://localhost/CLAUDISHOP/admin/produits.php#:0
[  110042ms] [ERROR] Failed to load resource: the server responded with a status of 404 (Not Found) @ http://localhost/CLAUDISHOP/uploads/produits/placeholder.jpg:0
[  110068ms] [WARNING] <meta name="apple-mobile-web-app-capable" content="yes"> is deprecated. Please include <meta name="mobile-web-app-capable" content="yes"> @ http://localhost/CLAUDISHOP/admin/produits.php#:0
[  110188ms] [ERROR] Failed to load resource: the server responded with a status of 404 (Not Found) @ http://localhost/CLAUDISHOP/uploads/produits/placeholder.jpg:0
[  110213ms] [WARNING] <meta name="apple-mobile-web-app-capable" content="yes"> is deprecated. Please include <meta name="mobile-web-app-capable" content="yes"> @ http://localhost/CLAUDISHOP/admin/produits.php#:0
[  110321ms] [ERROR] Failed to load resource: the server responded with a status of 404 (Not Found) @ http://localhost/CLAUDISHOP/uploads/produits/placeholder.jpg:0
[  110345ms] [WARNING] <meta name="apple-mobile-web-app-capable" content="yes"> is deprecated. Please include <meta name="mobile-web-app-capable" content="yes"> @ http://localhost/CLAUDISHOP/admin/produits.php#:0
[  110513ms] [ERROR] Failed to load resource: the server responded with a status of 404 (Not Found) @ http://localhost/CLAUDISHOP/uploads/produits/placeholder.jpg:0
[  110543ms] [WARNING] <meta name="apple-mobile-web-app-capable" content="yes"> is deprecated. Please include <meta name="mobile-web-app-capable" content="yes"> @ http://localhost/CLAUDISHOP/admin/produits.php#:0
[  110669ms] [ERROR] Failed to load resource: the server responded with a status of 404 (Not Found) @ http://localhost/CLAUDISHOP/uploads/produits/placeholder.jpg:0
[  110692ms] [WARNING] <meta name="apple-mobile-web-app-capable" content="yes"> is deprecated. Please include <meta name="mobile-web-app-capable" content="yes"> @ http://localhost/CLAUDISHOP/admin/produits.php#:0
[  110847ms] [ERROR] Failed to load resource: the server responded with a status of 404 (Not Found) @ http://localhost/CLAUDISHOP/uploads/produits/placeholder.jpg:0
[  110880ms] [WARNING] <meta name="apple-mobile-web-app-capable" content="yes"> is deprecated. Please include <meta name="mobile-web-app-capable" content="yes"> @ http://localhost/CLAUDISHOP/admin/produits.php#:0
[  110999ms] [ERROR] Failed to load resource: the server responded with a status of 404 (Not Found) @ http://localhost/CLAUDISHOP/uploads/produits/placeholder.jpg:0
[  111029ms] [WARNING] <meta name="apple-mobile-web-app-capable" content="yes"> is deprecated. Please include <meta name="mobile-web-app-capable" content="yes"> @ http://localhost/CLAUDISHOP/admin/produits.php#:0
[  111158ms] [ERROR] Failed to load resource: the server responded with a status of 404 (Not Found) @ http://localhost/CLAUDISHOP/uploads/produits/placeholder.jpg:0
[  111182ms] [WARNING] <meta name="apple-mobile-web-app-capable" content="yes"> is deprecated. Please include <meta name="mobile-web-app-capable" content="yes"> @ http://localhost/CLAUDISHOP/admin/produits.php#:0
[  111390ms] [ERROR] Failed to load resource: the server responded with a status of 404 (Not Found) @ http://localhost/CLAUDISHOP/uploads/produits/placeholder.jpg:0
[  111414ms] [WARNING] <meta name="apple-mobile-web-app-capable" content="yes"> is deprecated. Please include <meta name="mobile-web-app-capable" content="yes"> @ http://localhost/CLAUDISHOP/admin/produits.php#:0
