[     124ms] [ERROR] Failed to load resource: the server responded with a status of 404 (Not Found) @ http://localhost/CLAUDISHOP/uploads/produits/placeholder.jpg:0
[     156ms] [WARNING] <meta name="apple-mobile-web-app-capable" content="yes"> is deprecated. Please include <meta name="mobile-web-app-capable" content="yes"> @ http://localhost/CLAUDISHOP/admin/produits.php:0
[   64986ms] [ERROR] Failed to load resource: the server responded with a status of 404 (Not Found) @ http://localhost/CLAUDISHOP/uploads/produits/placeholder.jpg:0
[   65032ms] [WARNING] <meta name="apple-mobile-web-app-capable" content="yes"> is deprecated. Please include <meta name="mobile-web-app-capable" content="yes"> @ http://localhost/CLAUDISHOP/admin/produits.php:0
[   65182ms] [ERROR] Failed to load resource: the server responded with a status of 404 (Not Found) @ http://localhost/CLAUDISHOP/uploads/produits/placeholder.jpg:0
[   65220ms] [WARNING] <meta name="apple-mobile-web-app-capable" content="yes"> is deprecated. Please include <meta name="mobile-web-app-capable" content="yes"> @ http://localhost/CLAUDISHOP/admin/produits.php:0
[   65329ms] [ERROR] Failed to load resource: the server responded with a status of 404 (Not Found) @ http://localhost/CLAUDISHOP/uploads/produits/placeholder.jpg:0
[   65347ms] [WARNING] <meta name="apple-mobile-web-app-capable" content="yes"> is deprecated. Please include <meta name="mobile-web-app-capable" content="yes"> @ http://localhost/CLAUDISHOP/admin/produits.php:0
[   65462ms] [ERROR] Failed to load resource: the server responded with a status of 404 (Not Found) @ http://localhost/CLAUDISHOP/uploads/produits/placeholder.jpg:0
[   65482ms] [WARNING] <meta name="apple-mobile-web-app-capable" content="yes"> is deprecated. Please include <meta name="mobile-web-app-capable" content="yes"> @ http://localhost/CLAUDISHOP/admin/produits.php:0
[   65630ms] [ERROR] Failed to load resource: the server responded with a status of 404 (Not Found) @ http://localhost/CLAUDISHOP/uploads/produits/placeholder.jpg:0
[   65649ms] [WARNING] <meta name="apple-mobile-web-app-capable" content="yes"> is deprecated. Please include <meta name="mobile-web-app-capable" content="yes"> @ http://localhost/CLAUDISHOP/admin/produits.php:0
[   65801ms] [ERROR] Failed to load resource: the server responded with a status of 404 (Not Found) @ http://localhost/CLAUDISHOP/uploads/produits/placeholder.jpg:0
[   65834ms] [WARNING] <meta name="apple-mobile-web-app-capable" content="yes"> is deprecated. Please include <meta name="mobile-web-app-capable" content="yes"> @ http://localhost/CLAUDISHOP/admin/produits.php:0
[   65945ms] [ERROR] Failed to load resource: the server responded with a status of 404 (Not Found) @ http://localhost/CLAUDISHOP/uploads/produits/placeholder.jpg:0
[   65985ms] [WARNING] <meta name="apple-mobile-web-app-capable" content="yes"> is deprecated. Please include <meta name="mobile-web-app-capable" content="yes"> @ http://localhost/CLAUDISHOP/admin/produits.php:0
[   66115ms] [ERROR] Failed to load resource: the server responded with a status of 404 (Not Found) @ http://localhost/CLAUDISHOP/uploads/produits/placeholder.jpg:0
[   66138ms] [WARNING] <meta name="apple-mobile-web-app-capable" content="yes"> is deprecated. Please include <meta name="mobile-web-app-capable" content="yes"> @ http://localhost/CLAUDISHOP/admin/produits.php:0
[   66284ms] [ERROR] Failed to load resource: the server responded with a status of 404 (Not Found) @ http://localhost/CLAUDISHOP/uploads/produits/placeholder.jpg:0
[   66304ms] [WARNING] <meta name="apple-mobile-web-app-capable" content="yes"> is deprecated. Please include <meta name="mobile-web-app-capable" content="yes"> @ http://localhost/CLAUDISHOP/admin/produits.php:0
[   66430ms] [ERROR] Failed to load resource: the server responded with a status of 404 (Not Found) @ http://localhost/CLAUDISHOP/uploads/produits/placeholder.jpg:0
[   66451ms] [WARNING] <meta name="apple-mobile-web-app-capable" content="yes"> is deprecated. Please include <meta name="mobile-web-app-capable" content="yes"> @ http://localhost/CLAUDISHOP/admin/produits.php:0
[   66625ms] [ERROR] Failed to load resource: the server responded with a status of 404 (Not Found) @ http://localhost/CLAUDISHOP/uploads/produits/placeholder.jpg:0
[   66663ms] [WARNING] <meta name="apple-mobile-web-app-capable" content="yes"> is deprecated. Please include <meta name="mobile-web-app-capable" content="yes"> @ http://localhost/CLAUDISHOP/admin/produits.php:0
[   66774ms] [ERROR] Failed to load resource: the server responded with a status of 404 (Not Found) @ http://localhost/CLAUDISHOP/uploads/produits/placeholder.jpg:0
[   66799ms] [WARNING] <meta name="apple-mobile-web-app-capable" content="yes"> is deprecated. Please include <meta name="mobile-web-app-capable" content="yes"> @ http://localhost/CLAUDISHOP/admin/produits.php:0
[   66942ms] [ERROR] Failed to load resource: the server responded with a status of 404 (Not Found) @ http://localhost/CLAUDISHOP/uploads/produits/placeholder.jpg:0
[   66968ms] [WARNING] <meta name="apple-mobile-web-app-capable" content="yes"> is deprecated. Please include <meta name="mobile-web-app-capable" content="yes"> @ http://localhost/CLAUDISHOP/admin/produits.php:0
[   67067ms] [ERROR] Failed to load resource: the server responded with a status of 404 (Not Found) @ http://localhost/CLAUDISHOP/uploads/produits/placeholder.jpg:0
[   67090ms] [WARNING] <meta name="apple-mobile-web-app-capable" content="yes"> is deprecated. Please include <meta name="mobile-web-app-capable" content="yes"> @ http://localhost/CLAUDISHOP/admin/produits.php:0
[   67243ms] [ERROR] Failed to load resource: the server responded with a status of 404 (Not Found) @ http://localhost/CLAUDISHOP/uploads/produits/placeholder.jpg:0
[   67274ms] [WARNING] <meta name="apple-mobile-web-app-capable" content="yes"> is deprecated. Please include <meta name="mobile-web-app-capable" content="yes"> @ http://localhost/CLAUDISHOP/admin/produits.php:0
[   67410ms] [ERROR] Failed to load resource: the server responded with a status of 404 (Not Found) @ http://localhost/CLAUDISHOP/uploads/produits/placeholder.jpg:0
[   67445ms] [WARNING] <meta name="apple-mobile-web-app-capable" content="yes"> is deprecated. Please include <meta name="mobile-web-app-capable" content="yes"> @ http://localhost/CLAUDISHOP/admin/produits.php:0
[   67560ms] [ERROR] Failed to load resource: the server responded with a status of 404 (Not Found) @ http://localhost/CLAUDISHOP/uploads/produits/placeholder.jpg:0
[   67586ms] [WARNING] <meta name="apple-mobile-web-app-capable" content="yes"> is deprecated. Please include <meta name="mobile-web-app-capable" content="yes"> @ http://localhost/CLAUDISHOP/admin/produits.php:0
[   67796ms] [ERROR] Failed to load resource: the server responded with a status of 404 (Not Found) @ http://localhost/CLAUDISHOP/uploads/produits/placeholder.jpg:0
[   67832ms] [WARNING] <meta name="apple-mobile-web-app-capable" content="yes"> is deprecated. Please include <meta name="mobile-web-app-capable" content="yes"> @ http://localhost/CLAUDISHOP/admin/produits.php:0
[   68500ms] [ERROR] Failed to load resource: the server responded with a status of 404 (Not Found) @ http://localhost/CLAUDISHOP/uploads/produits/placeholder.jpg:0
[   68520ms] [WARNING] <meta name="apple-mobile-web-app-capable" content="yes"> is deprecated. Please include <meta name="mobile-web-app-capable" content="yes"> @ http://localhost/CLAUDISHOP/admin/produits.php:0
[   68720ms] [ERROR] Failed to load resource: the server responded with a status of 404 (Not Found) @ http://localhost/CLAUDISHOP/uploads/produits/placeholder.jpg:0
[   68753ms] [WARNING] <meta name="apple-mobile-web-app-capable" content="yes"> is deprecated. Please include <meta name="mobile-web-app-capable" content="yes"> @ http://localhost/CLAUDISHOP/admin/produits.php:0
[  112122ms] [WARNING] <meta name="apple-mobile-web-app-capable" content="yes"> is deprecated. Please include <meta name="mobile-web-app-capable" content="yes"> @ http://localhost/CLAUDISHOP/admin/produits/modifier.php?id=42:0
[  122746ms] [ERROR] Failed to load resource: the server responded with a status of 404 (Not Found) @ http://localhost/CLAUDISHOP/uploads/produits/placeholder.jpg:0
[  122769ms] [WARNING] <meta name="apple-mobile-web-app-capable" content="yes"> is deprecated. Please include <meta name="mobile-web-app-capable" content="yes"> @ http://localhost/CLAUDISHOP/admin/produits.php:0
[  125762ms] [WARNING] <meta name="apple-mobile-web-app-capable" content="yes"> is deprecated. Please include <meta name="mobile-web-app-capable" content="yes"> @ http://localhost/CLAUDISHOP/admin/categories.php:0
[  127612ms] [WARNING] <meta name="apple-mobile-web-app-capable" content="yes"> is deprecated. Please include <meta name="mobile-web-app-capable" content="yes"> @ http://localhost/CLAUDISHOP/admin/categories/modifier.php?id=4:0
[  132797ms] [VERBOSE] [DOM] Input elements should have autocomplete attributes (suggested: "current-password"): (More info: https://goo.gl/9p2vKq) %o @ http://localhost/CLAUDISHOP/admin/livreurs.php:0
[  132801ms] [WARNING] <meta name="apple-mobile-web-app-capable" content="yes"> is deprecated. Please include <meta name="mobile-web-app-capable" content="yes"> @ http://localhost/CLAUDISHOP/admin/livreurs.php:0
[  134269ms] [VERBOSE] [DOM] Input elements should have autocomplete attributes (suggested: "current-password"): (More info: https://goo.gl/9p2vKq) %o @ http://localhost/CLAUDISHOP/admin/livreurs/modifier.php?id=9:0
[  134276ms] [WARNING] <meta name="apple-mobile-web-app-capable" content="yes"> is deprecated. Please include <meta name="mobile-web-app-capable" content="yes"> @ http://localhost/CLAUDISHOP/admin/livreurs/modifier.php?id=9:0
