[2026-05-18 07:15:07] yuyuzuzu168@gmail.com | FAILED | 

      🚚 Nouvelle Livraison

      ClaudiShop — CMD-000002

      Bonjour SOUZA YUZI,

      Une no
[2026-05-18 07:16:05] test.livreur@mail.com | FAILED | 

      🚚 Nouvelle Livraison

      ClaudiShop — CMD-000003

      Bonjour Test Livreur,

      Une 
[2026-05-18 10:05:57] test.livreur@mail.com | SENT | 

      🚚 Nouvelle Livraison

      ClaudiShop — CMD-000013

      Bonjour Test Livreur,

      Une 
[2026-05-18 13:25:23] melvynosouza@gmail.com | SENT | 

      🚚 Nouvelle Livraison

      ClaudiShop — CMD-000014

      Bonjour ANDOCHE LOLO,

      Une 
