[2026-05-15 13:46:17] yuzimelodie@gmail.com | SENT | NOUVELLE LIVRAISON ASSIGNÉE
━━━━━━━━━━━━━━━━━━━━
Client : Uziel de SOUZA
Téléphone : 0198922294
Posi
[2026-05-15 13:52:34] yuyuzuzu168@gmail.com | SENT | NOUVELLE LIVRAISON ASSIGNÉE
━━━━━━━━━━━━━━━━━━━━
Client : Uziel de SOUZA
Téléphone : 0198922294
Adre
[2026-05-15 15:01:03] jennes.l@claudishop.com | SENT | Livraison ClaudiShop #CMD-000003
Client: Uziel de SOUZA (0198922294)
Position GPS : https://www.open
[2026-05-15 15:10:11] moussa.t@claudishop.com | SENT | NOUVELLE LIVRAISON ASSIGNÉE
━━━━━━━━━━━━━━━━━━━━
Client : Uziel de SOUZA
Téléphone : 0198922294
Posi
[2026-05-15 15:18:21] adminmaisonelegance@gmail.com | SENT | NOUVELLE LIVRAISON ASSIGNÉE
━━━━━━━━━━━━━━━━━━━━
Client : Uziel de SOUZA
Téléphone : 0151067689
Posi
[2026-05-15 17:03:45] yuzimelodie@gmail.com | FAILED | 

      🚚 Nouvelle Livraison

      ClaudiShop — CMD-000007

      Bonjour ANDOCHE LOLO,

      Une 
[2026-05-15 17:10:03] yuyuzuzu168@gmail.com | FAILED | 

      🚚 Nouvelle Livraison

      ClaudiShop — CMD-000999

      Bonjour Livreur Test,

      Une 
[2026-05-15 17:11:05] yuyuzuzu168@gmail.com | FAILED | TEST LIVRAISON
Client: Client Test (+22990123456)
Adresse: Wologede, Cotonou
Position: https://www.o
[2026-05-15 17:14:06] yuyuzuzu168@gmail.com | FAILED | TEST LIVRAISON
Client: Client Test (+22990123456)
Adresse: Wologede, Cotonou
Position: https://www.o
[2026-05-15 17:15:30] yuyuzuzu168@gmail.com | FAILED | TEST LIVRAISON
Client: Client Test (+22990123456)
Adresse: Wologede, Cotonou
Position: https://www.o
[2026-05-15 17:19:08] yuyuzuzu168@gmail.com | FAILED | TEST LIVRAISON
Client: Client Test (+22990123456)
Adresse: Wologede, Cotonou
Position: https://www.o
[2026-05-15 17:20:24] yuyuzuzu168@gmail.com | FAILED | TEST LIVRAISON
Client: Client Test (+22990123456)
Adresse: Wologede, Cotonou
Position: https://www.o
[2026-05-15 17:22:34] yuyuzuzu168@gmail.com | SENT | TEST LIVRAISON
Client: Client Test (+22990123456)
Adresse: Wologede, Cotonou
Position: https://www.o
[2026-05-15 17:26:39] yuyuzuzu168@gmail.com | SENT | 

      🚚 Nouvelle Livraison

      ClaudiShop — CMD-000001

      Bonjour ANDOCHE LOLO,

      Une 
[2026-05-15 18:00:19] yuzimelodie@gmail.com | SENT | 

      🚚 Nouvelle Livraison

      ClaudiShop — CMD-000002

      Bonjour YAYA,

      Une nouvelle
