[2026-05-17 00:00:28] yuyuzuzu168@gmail.com | SENT | 

      🚚 Nouvelle Livraison

      ClaudiShop — CMD-000003

      Bonjour ANDOCHE LOLO,

      Une 
[2026-05-17 00:12:27] yuzimelodie@gmail.com | SENT | 

      🚚 Nouvelle Livraison

      ClaudiShop — CMD-000004

      Bonjour YAYA,

      Une nouvelle
[2026-05-17 00:25:25] yuyuzuzu168@gmail.com | SENT | 

      🚚 Nouvelle Livraison

      ClaudiShop — CMD-000005

      Bonjour SOUZA YUZI,

      Une no
[2026-05-17 03:07:46] yuyuzuzu168@gmail.com | SENT | 

      🚚 Nouvelle Livraison

      ClaudiShop — CMD-000006

      Bonjour ANDOCHE LOLO,

      Une 
[2026-05-17 03:30:07] test.livreur@mail.com | SENT | 

      🚚 Nouvelle Livraison

      ClaudiShop — CMD-000007

      Bonjour Test Livreur,

      Une 
[2026-05-17 13:37:07] yuyuzuzu168@gmail.com | SENT | 

      🚚 Nouvelle Livraison

      ClaudiShop — CMD-000009

      Bonjour SOUZA YUZI,

      Une no
[2026-05-17 13:41:00] yuzimelodie@gmail.com | SENT | 

      🚚 Nouvelle Livraison

      ClaudiShop — CMD-000010

      Bonjour YAYA,

      Une nouvelle
[2026-05-17 14:12:11] yuzimelodie@gmail.com | SENT | 

      🚚 Nouvelle Livraison

      ClaudiShop — CMD-000011

      Bonjour YAYA,

      Une nouvelle
[2026-05-17 14:17:11] yuzimelodie@gmail.com | SENT | 

      🚚 Nouvelle Livraison

      ClaudiShop — CMD-000012

      Bonjour YAYA,

      Une nouvelle
[2026-05-17 15:14:57] yuzimelodie@gmail.com | SENT | 

      🚚 Nouvelle Livraison

      ClaudiShop — CMD-000013

      Bonjour YAYA,

      Une nouvelle
[2026-05-17 17:33:48] yuyuzuzu168@gmail.com | FAILED | 

      🚚 Nouvelle Livraison

      ClaudiShop — CMD-000014

      Bonjour ANDOCHE LOLO,

      Une 
[2026-05-17 17:40:37] yuzimelodie@gmail.com | SENT | 

      🚚 Nouvelle Livraison

      ClaudiShop — CMD-000015

      Bonjour YAYA,

      Une nouvelle
[2026-05-17 19:21:10] yuzimelodie@gmail.com | SENT | 

      🚚 Nouvelle Livraison

      ClaudiShop — CMD-000016

      Bonjour YAYA,

      Une nouvelle
[2026-05-17 22:41:33] yuyuzuzu168@gmail.com | SENT | 

      🚚 Nouvelle Livraison

      ClaudiShop — CMD-000001

      Bonjour ANDOCHE LOLO,

      Une 
[2026-05-17 23:01:48] yuyuzuzu168@gmail.com | SENT | 

      🚚 Nouvelle Livraison

      ClaudiShop — CMD-000001

      Bonjour SOUZA YUZI,

      Une no
