[2026-05-17 00:00:26] greeting | OK | OK
[2026-05-17 00:00:26] ehlo | OK | OK
[2026-05-17 00:00:26] starttls | OK | OK
[2026-05-17 00:00:26] tls | OK | OK
[2026-05-17 00:00:26] ehlo2 | OK | OK
[2026-05-17 00:00:27] auth_login | OK | OK
[2026-05-17 00:00:27] auth_user | OK | OK
[2026-05-17 00:00:27] auth_pass | OK | OK
[2026-05-17 00:00:27] mail_from | OK | OK
[2026-05-17 00:00:27] rcpt_to | OK | OK
[2026-05-17 00:00:27] data_cmd | OK | OK
[2026-05-17 00:00:28] data_content | OK | OK
[2026-05-17 00:12:25] greeting | OK | OK
[2026-05-17 00:12:25] ehlo | OK | OK
[2026-05-17 00:12:25] starttls | OK | OK
[2026-05-17 00:12:26] tls | OK | OK
[2026-05-17 00:12:26] ehlo2 | OK | OK
[2026-05-17 00:12:26] auth_login | OK | OK
[2026-05-17 00:12:26] auth_user | OK | OK
[2026-05-17 00:12:26] auth_pass | OK | OK
[2026-05-17 00:12:27] mail_from | OK | OK
[2026-05-17 00:12:27] rcpt_to | OK | OK
[2026-05-17 00:12:27] data_cmd | OK | OK
[2026-05-17 00:12:27] data_content | OK | OK
[2026-05-17 00:25:22] greeting | OK | OK
[2026-05-17 00:25:23] ehlo | OK | OK
[2026-05-17 00:25:23] starttls | OK | OK
[2026-05-17 00:25:23] tls | OK | OK
[2026-05-17 00:25:23] ehlo2 | OK | OK
[2026-05-17 00:25:23] auth_login | OK | OK
[2026-05-17 00:25:23] auth_user | OK | OK
[2026-05-17 00:25:24] auth_pass | OK | OK
[2026-05-17 00:25:24] mail_from | OK | OK
[2026-05-17 00:25:24] rcpt_to | OK | OK
[2026-05-17 00:25:25] data_cmd | OK | OK
[2026-05-17 00:25:25] data_content | OK | OK
[2026-05-17 03:07:43] greeting | OK | OK
[2026-05-17 03:07:44] ehlo | OK | OK
[2026-05-17 03:07:44] starttls | OK | OK
[2026-05-17 03:07:44] tls | OK | OK
[2026-05-17 03:07:44] ehlo2 | OK | OK
[2026-05-17 03:07:44] auth_login | OK | OK
[2026-05-17 03:07:45] auth_user | OK | OK
[2026-05-17 03:07:45] auth_pass | OK | OK
[2026-05-17 03:07:45] mail_from | OK | OK
[2026-05-17 03:07:45] rcpt_to | OK | OK
[2026-05-17 03:07:46] data_cmd | OK | OK
[2026-05-17 03:07:46] data_content | OK | OK
[2026-05-17 03:30:04] greeting | OK | OK
[2026-05-17 03:30:04] ehlo | OK | OK
[2026-05-17 03:30:05] starttls | OK | OK
[2026-05-17 03:30:05] tls | OK | OK
[2026-05-17 03:30:05] ehlo2 | OK | OK
[2026-05-17 03:30:05] auth_login | OK | OK
[2026-05-17 03:30:05] auth_user | OK | OK
[2026-05-17 03:30:06] auth_pass | OK | OK
[2026-05-17 03:30:06] mail_from | OK | OK
[2026-05-17 03:30:06] rcpt_to | OK | OK
[2026-05-17 03:30:06] data_cmd | OK | OK
[2026-05-17 03:30:07] data_content | OK | OK
[2026-05-17 13:37:05] greeting | OK | OK
[2026-05-17 13:37:05] ehlo | OK | OK
[2026-05-17 13:37:05] starttls | OK | OK
[2026-05-17 13:37:05] tls | OK | OK
[2026-05-17 13:37:05] ehlo2 | OK | OK
[2026-05-17 13:37:05] auth_login | OK | OK
[2026-05-17 13:37:06] auth_user | OK | OK
[2026-05-17 13:37:06] auth_pass | OK | OK
[2026-05-17 13:37:06] mail_from | OK | OK
[2026-05-17 13:37:06] rcpt_to | OK | OK
[2026-05-17 13:37:06] data_cmd | OK | OK
[2026-05-17 13:37:07] data_content | OK | OK
[2026-05-17 13:40:58] greeting | OK | OK
[2026-05-17 13:40:58] ehlo | OK | OK
[2026-05-17 13:40:58] starttls | OK | OK
[2026-05-17 13:40:59] tls | OK | OK
[2026-05-17 13:40:59] ehlo2 | OK | OK
[2026-05-17 13:40:59] auth_login | OK | OK
[2026-05-17 13:40:59] auth_user | OK | OK
[2026-05-17 13:40:59] auth_pass | OK | OK
[2026-05-17 13:40:59] mail_from | OK | OK
[2026-05-17 13:40:59] rcpt_to | OK | OK
[2026-05-17 13:41:00] data_cmd | OK | OK
[2026-05-17 13:41:00] data_content | OK | OK
[2026-05-17 14:12:08] greeting | OK | OK
[2026-05-17 14:12:08] ehlo | OK | OK
[2026-05-17 14:12:08] starttls | OK | OK
[2026-05-17 14:12:08] tls | OK | OK
[2026-05-17 14:12:08] ehlo2 | OK | OK
[2026-05-17 14:12:09] auth_login | OK | OK
[2026-05-17 14:12:09] auth_user | OK | OK
[2026-05-17 14:12:09] auth_pass | OK | OK
[2026-05-17 14:12:09] mail_from | OK | OK
[2026-05-17 14:12:09] rcpt_to | OK | OK
[2026-05-17 14:12:10] data_cmd | OK | OK
[2026-05-17 14:12:11] data_content | OK | OK
[2026-05-17 14:17:03] greeting | OK | OK
[2026-05-17 14:17:04] ehlo | OK | OK
[2026-05-17 14:17:04] starttls | OK | OK
[2026-05-17 14:17:05] tls | OK | OK
[2026-05-17 14:17:06] ehlo2 | OK | OK
[2026-05-17 14:17:07] auth_login | OK | OK
[2026-05-17 14:17:08] auth_user | OK | OK
[2026-05-17 14:17:08] auth_pass | OK | OK
[2026-05-17 14:17:08] mail_from | OK | OK
[2026-05-17 14:17:08] rcpt_to | OK | OK
[2026-05-17 14:17:09] data_cmd | OK | OK
[2026-05-17 14:17:10] data_content | OK | OK
[2026-05-17 15:14:54] greeting | OK | OK
[2026-05-17 15:14:54] ehlo | OK | OK
[2026-05-17 15:14:54] starttls | OK | OK
[2026-05-17 15:14:55] tls | OK | OK
[2026-05-17 15:14:55] ehlo2 | OK | OK
[2026-05-17 15:14:55] auth_login | OK | OK
[2026-05-17 15:14:55] auth_user | OK | OK
[2026-05-17 15:14:55] auth_pass | OK | OK
[2026-05-17 15:14:56] mail_from | OK | OK
[2026-05-17 15:14:56] rcpt_to | OK | OK
[2026-05-17 15:14:56] data_cmd | OK | OK
[2026-05-17 15:14:57] data_content | OK | OK
[2026-05-17 17:33:44] greeting | OK | OK
[2026-05-17 17:33:45] ehlo | OK | OK
[2026-05-17 17:33:45] starttls | OK | OK
[2026-05-17 17:33:48] tls | FAIL | FAIL
[2026-05-17 17:33:48] ehlo2 | FAIL | FAIL
[2026-05-17 17:40:33] greeting | OK | OK
[2026-05-17 17:40:33] ehlo | OK | OK
[2026-05-17 17:40:34] starttls | OK | OK
[2026-05-17 17:40:34] tls | OK | OK
[2026-05-17 17:40:34] ehlo2 | OK | OK
[2026-05-17 17:40:34] auth_login | OK | OK
[2026-05-17 17:40:35] auth_user | OK | OK
[2026-05-17 17:40:35] auth_pass | OK | OK
[2026-05-17 17:40:35] mail_from | OK | OK
[2026-05-17 17:40:36] rcpt_to | OK | OK
[2026-05-17 17:40:36] data_cmd | OK | OK
[2026-05-17 17:40:37] data_content | OK | OK
[2026-05-17 19:21:08] greeting | OK | OK
[2026-05-17 19:21:08] ehlo | OK | OK
[2026-05-17 19:21:08] starttls | OK | OK
[2026-05-17 19:21:08] tls | OK | OK
[2026-05-17 19:21:08] ehlo2 | OK | OK
[2026-05-17 19:21:09] auth_login | OK | OK
[2026-05-17 19:21:09] auth_user | OK | OK
[2026-05-17 19:21:09] auth_pass | OK | OK
[2026-05-17 19:21:09] mail_from | OK | OK
[2026-05-17 19:21:09] rcpt_to | OK | OK
[2026-05-17 19:21:10] data_cmd | OK | OK
[2026-05-17 19:21:10] data_content | OK | OK
[2026-05-17 22:41:30] greeting | OK | OK
[2026-05-17 22:41:30] ehlo | OK | OK
[2026-05-17 22:41:30] starttls | OK | OK
[2026-05-17 22:41:31] tls | OK | OK
[2026-05-17 22:41:31] ehlo2 | OK | OK
[2026-05-17 22:41:31] auth_login | OK | OK
[2026-05-17 22:41:31] auth_user | OK | OK
[2026-05-17 22:41:31] auth_pass | OK | OK
[2026-05-17 22:41:32] mail_from | OK | OK
[2026-05-17 22:41:32] rcpt_to | OK | OK
[2026-05-17 22:41:32] data_cmd | OK | OK
[2026-05-17 22:41:33] data_content | OK | OK
[2026-05-17 23:01:45] greeting | OK | OK
[2026-05-17 23:01:45] ehlo | OK | OK
[2026-05-17 23:01:46] starttls | OK | OK
[2026-05-17 23:01:46] tls | OK | OK
[2026-05-17 23:01:46] ehlo2 | OK | OK
[2026-05-17 23:01:46] auth_login | OK | OK
[2026-05-17 23:01:46] auth_user | OK | OK
[2026-05-17 23:01:47] auth_pass | OK | OK
[2026-05-17 23:01:47] mail_from | OK | OK
[2026-05-17 23:01:47] rcpt_to | OK | OK
[2026-05-17 23:01:47] data_cmd | OK | OK
[2026-05-17 23:01:48] data_content | OK | OK
