[2026-05-18 07:15:07] 2290197112233 | https://wa.me/2290197112233?text=Livraison%20ClaudiShop%20%230002%0AClient%3A%20SOUZA%20YUZI%20%280198922294%29%0APosition%20%3A%20https%3A%2F%2Fwww.openstreetmap.org%2F%3Fmlat%3D6.375041%26mlon%3D2.4093979326524%26zoom%3D15%0ATotal%3A%2041%20000%20FCFA%0A%F0%9F%93%B1%20Contactez%20le%20client%20%3A%20https%3A%2F%2Fwa.me%2F2290198922294%3Ftext%3DBonjour%2520SOUZA%2520YUZI%252C%2520je%2520suis%2520votre%2520livreur%2520ClaudiShop%2520%2521%2520Contactez-moi%2520sur%2520WhatsApp%252C%2520je%2520partagerai%2520ma%2520position%2520en%2520direct%2520pour%2520que%2520vous%2520puissiez%2520me%2520suivre.%0A%F0%9F%93%8B%20G%C3%A9rer%20le%20statut%20%3A%20http%3A%2F%2Flocalhost%2FCLAUDISHOP%2Fdriver%2Fdashboard.php | Livraison ClaudiShop #0002
Client: SOUZA YUZI (0198922294)
Position : https://www.openstreetmap.org/
[2026-05-18 07:16:05] 2290199000001 | https://wa.me/2290199000001?text=Livraison%20ClaudiShop%20%230003%0AClient%3A%20SOUZA%20YUZI%20%280198922294%29%0APosition%20%3A%20https%3A%2F%2Fwww.openstreetmap.org%2F%3Fmlat%3D6.375041%26mlon%3D2.4093979326524%26zoom%3D15%0ATotal%3A%2041%20000%20FCFA%0A%F0%9F%93%B1%20Contactez%20le%20client%20%3A%20https%3A%2F%2Fwa.me%2F2290198922294%3Ftext%3DBonjour%2520SOUZA%2520YUZI%252C%2520je%2520suis%2520votre%2520livreur%2520ClaudiShop%2520%2521%2520Contactez-moi%2520sur%2520WhatsApp%252C%2520je%2520partagerai%2520ma%2520position%2520en%2520direct%2520pour%2520que%2520vous%2520puissiez%2520me%2520suivre.%0A%F0%9F%93%8B%20G%C3%A9rer%20le%20statut%20%3A%20http%3A%2F%2Flocalhost%2FCLAUDISHOP%2Fdriver%2Fdashboard.php | Livraison ClaudiShop #0003
Client: SOUZA YUZI (0198922294)
Position : https://www.openstreetmap.org/
[2026-05-18 10:05:57] 2290199000001 | https://wa.me/2290199000001?text=Livraison%20ClaudiShop%20%230013%0AClient%3A%20SOUZ%20%280198922294%29%0APosition%20%3A%20https%3A%2F%2Fwww.openstreetmap.org%2F%3Fmlat%3D6.3669464374241%26mlon%3D2.3929630002877%26zoom%3D15%0ATotal%3A%2025%20500%20FCFA%0A%F0%9F%93%B1%20Contactez%20le%20client%20%3A%20https%3A%2F%2Fwa.me%2F2290198922294%3Ftext%3DBonjour%2520SOUZ%252C%2520je%2520suis%2520votre%2520livreur%2520ClaudiShop%2520%2521%2520Contactez-moi%2520sur%2520WhatsApp%252C%2520je%2520partagerai%2520ma%2520position%2520en%2520direct%2520pour%2520que%2520vous%2520puissiez%2520me%2520suivre.%0A%F0%9F%93%8B%20G%C3%A9rer%20le%20statut%20%3A%20http%3A%2F%2Flocalhost%2FCLAUDISHOP%2Fdriver%2Fdashboard.php | Livraison ClaudiShop #0013
Client: SOUZ (0198922294)
Position : https://www.openstreetmap.org/?mlat=
[2026-05-18 13:25:23] 2290162402193 | https://wa.me/2290162402193?text=Livraison%20ClaudiShop%20%230014%0AClient%3A%20Uziel%20Uziel%20de%20SOUZA%20%280198922294%29%0APosition%20%3A%20https%3A%2F%2Fwww.openstreetmap.org%2F%3Fmlat%3D6.3669644089561%26mlon%3D2.3929230553353%26zoom%3D15%0ATotal%3A%2065%20000%20FCFA%0A%F0%9F%93%B1%20Contactez%20le%20client%20%3A%20https%3A%2F%2Fwa.me%2F2290198922294%3Ftext%3DBonjour%2520Uziel%2520Uziel%2520de%2520SOUZA%252C%2520je%2520suis%2520votre%2520livreur%2520ClaudiShop%2520%2521%2520Contactez-moi%2520sur%2520WhatsApp%252C%2520je%2520partagerai%2520ma%2520position%2520en%2520direct%2520pour%2520que%2520vous%2520puissiez%2520me%2520suivre.%0A%F0%9F%93%8B%20G%C3%A9rer%20le%20statut%20%3A%20http%3A%2F%2Flocalhost%2FCLAUDISHOP%2Fdriver%2Fdashboard.php | Livraison ClaudiShop #0014
Client: Uziel Uziel de SOUZA (0198922294)
Position : https://www.openstre
[2026-05-18 17:36:40] 2290199000001 | https://wa.me/2290199000001?text=Livraison%20ClaudiShop%20%230015%0AClient%3A%20TheVoice%20Stone%20%280152528985%29%0AAdresse%20%3A%20Cotonou%20-%20Akpakpa%0ATotal%3A%20111%20900%20FCFA%0A%F0%9F%93%B1%20Contactez%20le%20client%20%3A%20https%3A%2F%2Fwa.me%2F2290152528985%3Ftext%3DBonjour%2520TheVoice%2520Stone%252C%2520je%2520suis%2520votre%2520livreur%2520ClaudiShop%2520%2521%2520Contactez-moi%2520sur%2520WhatsApp%252C%2520je%2520partagerai%2520ma%2520position%2520en%2520direct%2520pour%2520que%2520vous%2520puissiez%2520me%2520suivre.%0A%F0%9F%93%8B%20G%C3%A9rer%20le%20statut%20%3A%20http%3A%2F%2Flocalhost%2FCLAUDISHOP%2Fdriver%2Fdashboard.php | Livraison ClaudiShop #0015
Client: TheVoice Stone (0152528985)
Adresse : Cotonou - Akpakpa
Total: 11
[2026-05-18 21:59:02] 2290162402193 | https://wa.me/2290162402193?text=Livraison%20ClaudiShop%20%230016%0AClient%3A%20Uziel%20Souza%20Uzi%20%280198922294%29%0APosition%20%3A%20https%3A%2F%2Fwww.openstreetmap.org%2F%3Fmlat%3D6.3753749082753%26mlon%3D2.4094533358884%26zoom%3D15%0ATotal%3A%2052%20500%20FCFA%0A%F0%9F%93%B1%20Contactez%20le%20client%20%3A%20https%3A%2F%2Fwa.me%2F2290198922294%3Ftext%3DBonjour%2520Uziel%2520Souza%2520Uzi%252C%2520je%2520suis%2520votre%2520livreur%2520ClaudiShop%2520%2521%2520Contactez-moi%2520sur%2520WhatsApp%252C%2520je%2520partagerai%2520ma%2520position%2520en%2520direct%2520pour%2520que%2520vous%2520puissiez%2520me%2520suivre.%0A%F0%9F%93%8B%20G%C3%A9rer%20le%20statut%20%3A%20http%3A%2F%2Flocalhost%2FCLAUDISHOP%2Fdriver%2Fdashboard.php | Livraison ClaudiShop #0016
Client: Uziel Souza Uzi (0198922294)
Position : https://www.openstreetmap
[2026-05-18 22:08:53] 2290162402193 | https://wa.me/2290162402193?text=Livraison%20ClaudiShop%20%230017%0AClient%3A%20Super%20Super%20Admin%20%280152528985%29%0AAdresse%20%3A%20Cotonou%20-%20Akpakpa%0ATotal%3A%2053%20000%20FCFA%0A%F0%9F%93%B1%20Contactez%20le%20client%20%3A%20https%3A%2F%2Fwa.me%2F2290152528985%3Ftext%3DBonjour%2520Super%2520Super%2520Admin%252C%2520je%2520suis%2520votre%2520livreur%2520ClaudiShop%2520%2521%2520Contactez-moi%2520sur%2520WhatsApp%252C%2520je%2520partagerai%2520ma%2520position%2520en%2520direct%2520pour%2520que%2520vous%2520puissiez%2520me%2520suivre.%0A%F0%9F%93%8B%20G%C3%A9rer%20le%20statut%20%3A%20http%3A%2F%2Flocalhost%2FCLAUDISHOP%2Fdriver%2Fdashboard.php | Livraison ClaudiShop #0017
Client: Super Super Admin (0152528985)
Adresse : Cotonou - Akpakpa
Total:
