[2026-05-17 00:00:25] 229151067689 | https://wa.me/229151067689?text=Livraison%20ClaudiShop%20%23CMD-000003%0AClient%3A%20Uziel%20de%20SOUZA%20%280198922294%29%0APosition%20GPS%20%3A%20https%3A%2F%2Fwww.openstreetmap.org%2F%3Fmlat%3D6.3750410%26mlon%3D2.4093979%26zoom%3D15%0AZone%20%3A%20Cotonou%20Zone%20A%0ATotal%3A%2033%20000%20FCFA%0A%F0%9F%93%B1%20Contactez%20le%20client%20sur%20WhatsApp%20%3A%20https%3A%2F%2Fwa.me%2F229198922294%3Ftext%3DBonjour%2520Uziel%2520de%2520SOUZA%252C%2520je%2520suis%2520votre%2520livreur%2520ClaudiShop%2520%2521%2520Partagez%2520votre%2520position%2520en%2520direct%2520sur%2520WhatsApp%2520en%2520appuyant%2520sur%2520%252B%2520%25E2%2586%2592%2520Position%2520%25E2%2586%2592%2520Partager%2520la%2520position%2520en%2520direct.%2520Merci%2520%2521 | Livraison ClaudiShop #CMD-000003
Client: Uziel de SOUZA (0198922294)
Position GPS : https://www.open
[2026-05-17 00:12:27] 22996063768 | https://wa.me/22996063768?text=Livraison%20ClaudiShop%20%230004%0AClient%3A%20Super%20Admin%20%280198922294%29%0APosition%20%3A%20https%3A%2F%2Fwww.openstreetmap.org%2F%3Fmlat%3D6.375041%26mlon%3D2.4093979326524%26zoom%3D15%0ATotal%3A%2045%20400%20FCFA%0A%F0%9F%93%B1%20Contactez%20le%20client%20%3A%20https%3A%2F%2Fwa.me%2F2290198922294%3Ftext%3DBonjour%2520Super%2520Admin%252C%2520je%2520suis%2520votre%2520livreur%2520ClaudiShop%2520%2521%2520Partagez%2520votre%2520position%2520en%2520direct%2520sur%2520WhatsApp%2520en%2520appuyant%2520sur%2520%252B%2520%25E2%2586%2592%2520Position%2520%25E2%2586%2592%2520Partager%2520la%2520position%2520en%2520direct.%2520Merci%2520%2521 | Livraison ClaudiShop #0004
Client: Super Admin (0198922294)
Position : https://www.openstreetmap.org
[2026-05-17 00:25:25] 2290198922294 | https://wa.me/2290198922294?text=Livraison%20ClaudiShop%20%230005%0AClient%3A%20Uziel%20de%20SOUZA%20%280198922294%29%0APosition%20%3A%20https%3A%2F%2Fwww.openstreetmap.org%2F%3Fmlat%3D6.375041%26mlon%3D2.4093979326524%26zoom%3D15%0ATotal%3A%2041%20900%20FCFA%0A%F0%9F%93%B1%20Contactez%20le%20client%20%3A%20https%3A%2F%2Fwa.me%2F2290198922294%3Ftext%3DBonjour%2520Uziel%2520de%2520SOUZA%252C%2520je%2520suis%2520votre%2520livreur%2520ClaudiShop%2520%2521%2520Partagez%2520votre%2520position%2520en%2520direct%2520sur%2520WhatsApp%2520en%2520appuyant%2520sur%2520%252B%2520%25E2%2586%2592%2520Position%2520%25E2%2586%2592%2520Partager%2520la%2520position%2520en%2520direct.%2520Merci%2520%2521 | Livraison ClaudiShop #0005
Client: Uziel de SOUZA (0198922294)
Position : https://www.openstreetmap.
[2026-05-17 03:07:46] 2290151067689 | https://wa.me/2290151067689?text=Livraison%20ClaudiShop%20%230006%0AClient%3A%20Uziel%20de%20SOUZA%20%280198922294%29%0APosition%20%3A%20https%3A%2F%2Fwww.openstreetmap.org%2F%3Fmlat%3D6.3751004363896%26mlon%3D2.4094689203594%26zoom%3D15%0ATotal%3A%2026%20500%20FCFA%0A%F0%9F%93%B1%20Contactez%20le%20client%20%3A%20https%3A%2F%2Fwa.me%2F2290198922294%3Ftext%3DBonjour%2520Uziel%2520de%2520SOUZA%252C%2520je%2520suis%2520votre%2520livreur%2520ClaudiShop%2520%2521%2520Partagez%2520votre%2520position%2520en%2520direct%2520sur%2520WhatsApp%2520en%2520appuyant%2520sur%2520%252B%2520%25E2%2586%2592%2520Position%2520%25E2%2586%2592%2520Partager%2520la%2520position%2520en%2520direct.%2520Merci%2520%2521 | Livraison ClaudiShop #0006
Client: Uziel de SOUZA (0198922294)
Position : https://www.openstreetmap.
[2026-05-17 03:30:07] 22999000001 | https://wa.me/22999000001?text=Livraison%20ClaudiShop%20%230007%0AClient%3A%20Uziel%20de%20SOUZA%20%280198922294%29%0APosition%20%3A%20https%3A%2F%2Fwww.openstreetmap.org%2F%3Fmlat%3D6.375041%26mlon%3D2.4093979326524%26zoom%3D15%0ATotal%3A%2023%20400%20FCFA%0A%F0%9F%93%B1%20Contactez%20le%20client%20%3A%20https%3A%2F%2Fwa.me%2F2290198922294%3Ftext%3DBonjour%2520Uziel%2520de%2520SOUZA%252C%2520je%2520suis%2520votre%2520livreur%2520ClaudiShop%2520%2521%2520Partagez%2520votre%2520position%2520en%2520direct%2520sur%2520WhatsApp%2520en%2520appuyant%2520sur%2520%252B%2520%25E2%2586%2592%2520Position%2520%25E2%2586%2592%2520Partager%2520la%2520position%2520en%2520direct.%2520Merci%2520%2521 | Livraison ClaudiShop #0007
Client: Uziel de SOUZA (0198922294)
Position : https://www.openstreetmap.
[2026-05-17 13:37:07] 2290198922294 | https://wa.me/2290198922294?text=Livraison%20ClaudiShop%20%230009%0AClient%3A%20Uziel%20de%20SOUZA%20%280198922294%29%0APosition%20%3A%20https%3A%2F%2Fwww.openstreetmap.org%2F%3Fmlat%3D6.375041%26mlon%3D2.4093979326524%26zoom%3D15%0ATotal%3A%2039%20500%20FCFA%0A%C3%B0%C5%B8%E2%80%9C%C2%B1%20Contactez%20le%20client%20%3A%20https%3A%2F%2Fwa.me%2F2290198922294%3Ftext%3DBonjour%2520Uziel%2520de%2520SOUZA%252C%2520je%2520suis%2520votre%2520livreur%2520ClaudiShop%2520%2521%2520Contactez-moi%2520sur%2520WhatsApp%252C%2520je%2520partagerai%2520ma%2520position%2520en%2520direct%2520pour%2520que%2520vous%2520puissiez%2520me%2520suivre. | Livraison ClaudiShop #0009
Client: Uziel de SOUZA (0198922294)
Position : https://www.openstreetmap.
[2026-05-17 13:41:00] 22996063768 | https://wa.me/22996063768?text=Livraison%20ClaudiShop%20%230010%0AClient%3A%20Uziel%20de%20SOUZA%20%280151067689%29%0APosition%20%3A%20https%3A%2F%2Fwww.openstreetmap.org%2F%3Fmlat%3D6.375041%26mlon%3D2.4093979326524%26zoom%3D15%0ATotal%3A%2014%20498%20FCFA%0A%C3%B0%C5%B8%E2%80%9C%C2%B1%20Contactez%20le%20client%20%3A%20https%3A%2F%2Fwa.me%2F2290151067689%3Ftext%3DBonjour%2520Uziel%2520de%2520SOUZA%252C%2520je%2520suis%2520votre%2520livreur%2520ClaudiShop%2520%2521%2520Contactez-moi%2520sur%2520WhatsApp%252C%2520je%2520partagerai%2520ma%2520position%2520en%2520direct%2520pour%2520que%2520vous%2520puissiez%2520me%2520suivre. | Livraison ClaudiShop #0010
Client: Uziel de SOUZA (0151067689)
Position : https://www.openstreetmap.
[2026-05-17 14:12:11] 22996063768 | https://wa.me/22996063768?text=Livraison%20ClaudiShop%20%230011%0AClient%3A%20Uziel%20de%20SOUZA%20%280198922294%29%0APosition%20%3A%20https%3A%2F%2Fwww.openstreetmap.org%2F%3Fmlat%3D6.375041%26mlon%3D2.409403%26zoom%3D15%0ATotal%3A%208%20499%20FCFA%0A%C3%B0%C5%B8%E2%80%9C%C2%B1%20Contactez%20le%20client%20%3A%20https%3A%2F%2Fwa.me%2F2290198922294%3Ftext%3DBonjour%2520Uziel%2520de%2520SOUZA%252C%2520je%2520suis%2520votre%2520livreur%2520ClaudiShop%2520%2521%2520Contactez-moi%2520sur%2520WhatsApp%252C%2520je%2520partagerai%2520ma%2520position%2520en%2520direct%2520pour%2520que%2520vous%2520puissiez%2520me%2520suivre. | Livraison ClaudiShop #0011
Client: Uziel de SOUZA (0198922294)
Position : https://www.openstreetmap.
[2026-05-17 14:17:11] 22996063768 | https://wa.me/22996063768?text=Livraison%20ClaudiShop%20%230012%0AClient%3A%20Uziel%20de%20SOUZA%20%280198922294%29%0AAdresse%20%3A%20CALAVIE%20-%20apkakpa%0ATotal%3A%2010%20900%20FCFA%0A%F0%9F%93%B1%20Contactez%20le%20client%20%3A%20https%3A%2F%2Fwa.me%2F2290198922294%3Ftext%3DBonjour%2520Uziel%2520de%2520SOUZA%252C%2520je%2520suis%2520votre%2520livreur%2520ClaudiShop%2520%2521%2520Contactez-moi%2520sur%2520WhatsApp%252C%2520je%2520partagerai%2520ma%2520position%2520en%2520direct%2520pour%2520que%2520vous%2520puissiez%2520me%2520suivre.%0A%F0%9F%93%8B%20G%C3%A9rer%20le%20statut%20%3A%20http%3A%2F%2Flocalhost%2FCLAUDISHOP%2Fdriver%2Fdashboard.php | Livraison ClaudiShop #0012
Client: Uziel de SOUZA (0198922294)
Adresse : CALAVIE - apkakpa
Total: 10
[2026-05-17 15:14:57] 22996063768 | https://wa.me/22996063768?text=Livraison%20ClaudiShop%20%230013%0AClient%3A%20Uziel%20de%20SOUZA%20%280198922294%29%0AAdresse%20%3A%20CALAVIE%20-%20apkakpa%0ATotal%3A%207%20999%20FCFA%0A%F0%9F%93%B1%20Contactez%20le%20client%20%3A%20https%3A%2F%2Fwa.me%2F2290198922294%3Ftext%3DBonjour%2520Uziel%2520de%2520SOUZA%252C%2520je%2520suis%2520votre%2520livreur%2520ClaudiShop%2520%2521%2520Contactez-moi%2520sur%2520WhatsApp%252C%2520je%2520partagerai%2520ma%2520position%2520en%2520direct%2520pour%2520que%2520vous%2520puissiez%2520me%2520suivre.%0A%F0%9F%93%8B%20G%C3%A9rer%20le%20statut%20%3A%20http%3A%2F%2Flocalhost%2FCLAUDISHOP%2Fdriver%2Fdashboard.php | Livraison ClaudiShop #0013
Client: Uziel de SOUZA (0198922294)
Adresse : CALAVIE - apkakpa
Total: 7 
[2026-05-17 17:33:48] 22962402193 | https://wa.me/22962402193?text=Livraison%20ClaudiShop%20%230014%0AClient%3A%20Uziel%20de%20SOUZA%20%280198922294%29%0APosition%20%3A%20https%3A%2F%2Fwww.openstreetmap.org%2F%3Fmlat%3D6.375041%26mlon%3D2.409403%26zoom%3D15%0ATotal%3A%2026%20999%20FCFA%0A%F0%9F%93%B1%20Contactez%20le%20client%20%3A%20https%3A%2F%2Fwa.me%2F2290198922294%3Ftext%3DBonjour%2520Uziel%2520de%2520SOUZA%252C%2520je%2520suis%2520votre%2520livreur%2520ClaudiShop%2520%2521%2520Contactez-moi%2520sur%2520WhatsApp%252C%2520je%2520partagerai%2520ma%2520position%2520en%2520direct%2520pour%2520que%2520vous%2520puissiez%2520me%2520suivre.%0A%F0%9F%93%8B%20G%C3%A9rer%20le%20statut%20%3A%20http%3A%2F%2Flocalhost%2FCLAUDISHOP%2Fdriver%2Fdashboard.php | Livraison ClaudiShop #0014
Client: Uziel de SOUZA (0198922294)
Position : https://www.openstreetmap.
[2026-05-17 17:40:37] 22996063768 | https://wa.me/22996063768?text=Livraison%20ClaudiShop%20%230015%0AClient%3A%20Uziel%20de%20SOUZA%20%280198922294%29%0APosition%20%3A%20https%3A%2F%2Fwww.openstreetmap.org%2F%3Fmlat%3D6.375041%26mlon%3D2.4093979326524%26zoom%3D15%0ATotal%3A%2026%20496%20FCFA%0A%F0%9F%93%B1%20Contactez%20le%20client%20%3A%20https%3A%2F%2Fwa.me%2F2290198922294%3Ftext%3DBonjour%2520Uziel%2520de%2520SOUZA%252C%2520je%2520suis%2520votre%2520livreur%2520ClaudiShop%2520%2521%2520Contactez-moi%2520sur%2520WhatsApp%252C%2520je%2520partagerai%2520ma%2520position%2520en%2520direct%2520pour%2520que%2520vous%2520puissiez%2520me%2520suivre.%0A%F0%9F%93%8B%20G%C3%A9rer%20le%20statut%20%3A%20http%3A%2F%2Flocalhost%2FCLAUDISHOP%2Fdriver%2Fdashboard.php | Livraison ClaudiShop #0015
Client: Uziel de SOUZA (0198922294)
Position : https://www.openstreetmap.
[2026-05-17 19:21:10] 22996063768 | https://wa.me/22996063768?text=Livraison%20ClaudiShop%20%230016%0AClient%3A%20YUYU%20ZUZU%20%280198922294%29%0APosition%20%3A%20https%3A%2F%2Fwww.openstreetmap.org%2F%3Fmlat%3D6.375041%26mlon%3D2.4093979326524%26zoom%3D15%0ATotal%3A%2076%20500%20FCFA%0A%F0%9F%93%B1%20Contactez%20le%20client%20%3A%20https%3A%2F%2Fwa.me%2F2290198922294%3Ftext%3DBonjour%2520YUYU%2520ZUZU%252C%2520je%2520suis%2520votre%2520livreur%2520ClaudiShop%2520%2521%2520Contactez-moi%2520sur%2520WhatsApp%252C%2520je%2520partagerai%2520ma%2520position%2520en%2520direct%2520pour%2520que%2520vous%2520puissiez%2520me%2520suivre.%0A%F0%9F%93%8B%20G%C3%A9rer%20le%20statut%20%3A%20http%3A%2F%2Flocalhost%2FCLAUDISHOP%2Fdriver%2Fdashboard.php | Livraison ClaudiShop #0016
Client: YUYU ZUZU (0198922294)
Position : https://www.openstreetmap.org/?
[2026-05-17 22:41:33] 22962402193 | https://wa.me/22962402193?text=Livraison%20ClaudiShop%20%230001%0AClient%3A%20Uziel%20de%20SOUZA%20%280198922294%29%0APosition%20%3A%20https%3A%2F%2Fwww.openstreetmap.org%2F%3Fmlat%3D6.375041%26mlon%3D2.4093979326524%26zoom%3D15%0ATotal%3A%2021%20000%20FCFA%0A%F0%9F%93%B1%20Contactez%20le%20client%20%3A%20https%3A%2F%2Fwa.me%2F2290198922294%3Ftext%3DBonjour%2520Uziel%2520de%2520SOUZA%252C%2520je%2520suis%2520votre%2520livreur%2520ClaudiShop%2520%2521%2520Contactez-moi%2520sur%2520WhatsApp%252C%2520je%2520partagerai%2520ma%2520position%2520en%2520direct%2520pour%2520que%2520vous%2520puissiez%2520me%2520suivre.%0A%F0%9F%93%8B%20G%C3%A9rer%20le%20statut%20%3A%20http%3A%2F%2Flocalhost%2FCLAUDISHOP%2Fdriver%2Fdashboard.php | Livraison ClaudiShop #0001
Client: Uziel de SOUZA (0198922294)
Position : https://www.openstreetmap.
[2026-05-17 23:01:48] 22962402193 | https://wa.me/22962402193?text=Livraison%20ClaudiShop%20%230001%0AClient%3A%20Uziel%20Uziel%20de%20SOUZA%20%280198922294%29%0APosition%20%3A%20https%3A%2F%2Fwww.openstreetmap.org%2F%3Fmlat%3D6.375041%26mlon%3D2.4093979326524%26zoom%3D15%0ATotal%3A%2058%20000%20FCFA%0A%F0%9F%93%B1%20Contactez%20le%20client%20%3A%20https%3A%2F%2Fwa.me%2F2290198922294%3Ftext%3DBonjour%2520Uziel%2520Uziel%2520de%2520SOUZA%252C%2520je%2520suis%2520votre%2520livreur%2520ClaudiShop%2520%2521%2520Contactez-moi%2520sur%2520WhatsApp%252C%2520je%2520partagerai%2520ma%2520position%2520en%2520direct%2520pour%2520que%2520vous%2520puissiez%2520me%2520suivre.%0A%F0%9F%93%8B%20G%C3%A9rer%20le%20statut%20%3A%20http%3A%2F%2Flocalhost%2FCLAUDISHOP%2Fdriver%2Fdashboard.php | Livraison ClaudiShop #0001
Client: Uziel Uziel de SOUZA (0198922294)
Position : https://www.openstre
