[2026-05-15 13:46:17]  | https://wa.me/22996063768?text=Livraison%20ClaudiShop%20%230001%0AClient%3A%20Uziel%20de%20SOUZA%20%280198922294%29%0APosition%20%3A%20https%3A%2F%2Fwww.openstreetmap.org%2F%3Fmlat%3D6.3668820940361%26mlon%3D2.3931624325137%26zoom%3D15%0ATotal%3A%2023%20400%20FCFA%0A%F0%9F%94%97%20Partagez%20votre%20position%20%3A%20http%3A%2F%2Flocalhost%2FCLAUDISHOP%2Fdriver%2Fpartager_position.php%3Ftoken%3Df9cddf4143f9086bbd1f88b4a7304f843463728348f401a4354e0eff67874273 | Livraison ClaudiShop #0001
Client: Uziel de SOUZA (0198922294)
Position : https://www.openstreetmap.
[2026-05-15 13:52:34]  | https://wa.me/229151067689?text=Livraison%20ClaudiShop%20%230002%0AClient%3A%20Uziel%20de%20SOUZA%20%280198922294%29%0AAdresse%20%3A%20CALAVIE%20-%20apkakpa%0ATotal%3A%2065%20400%20FCFA%0A%F0%9F%94%97%20Partagez%20votre%20position%20%3A%20http%3A%2F%2Flocalhost%2FCLAUDISHOP%2Fdriver%2Fpartager_position.php%3Ftoken%3D8d393455c5477918590a4ec6e4707a3a8ea68404bab914f5a15046aef8c2aded | Livraison ClaudiShop #0002
Client: Uziel de SOUZA (0198922294)
Adresse : CALAVIE - apkakpa
Total: 65
[2026-05-15 15:01:01]  | https://wa.me/22890567890?text=Livraison%20ClaudiShop%20%23CMD-000003%0AClient%3A%20Uziel%20de%20SOUZA%20%280198922294%29%0APosition%20GPS%20%3A%20https%3A%2F%2Fwww.openstreetmap.org%2F%3Fmlat%3D6.3668446%26mlon%3D2.3930294%26zoom%3D15%0ATotal%3A%2058%20500%20FCFA%0A%F0%9F%94%97%20Partagez%20votre%20position%20%3A%20http%3A%2F%2Flocalhost%2FCLAUDISHOP%2Fdriver%2Fpartager_position.php%3Ftoken%3D74a2130b2b27c00399ce908d7b4182a455135862469c601dbc9e140a32d85676 | Livraison ClaudiShop #CMD-000003
Client: Uziel de SOUZA (0198922294)
Position GPS : https://www.open
[2026-05-15 15:10:11]  | https://wa.me/22890123456?text=Livraison%20ClaudiShop%20%230004%0AClient%3A%20Uziel%20de%20SOUZA%20%280198922294%29%0APosition%20%3A%20https%3A%2F%2Fwww.openstreetmap.org%2F%3Fmlat%3D6.3670406731684%26mlon%3D2.3925757901544%26zoom%3D15%0ATotal%3A%2063%20900%20FCFA%0A%F0%9F%94%97%20Partagez%20votre%20position%20%3A%20http%3A%2F%2Flocalhost%2FCLAUDISHOP%2Fdriver%2Fpartager_position.php%3Ftoken%3D31995030f3063add0c4439729510c67817c56d0cc87163eaea9cbd1836a9f90f | Livraison ClaudiShop #0004
Client: Uziel de SOUZA (0198922294)
Position : https://www.openstreetmap.
[2026-05-15 15:18:21]  | https://wa.me/229198922292?text=Livraison%20ClaudiShop%20%230005%0AClient%3A%20Uziel%20de%20SOUZA%20%280151067689%29%0APosition%20%3A%20https%3A%2F%2Fwww.openstreetmap.org%2F%3Fmlat%3D6.3670423543116%26mlon%3D2.3925893053519%26zoom%3D15%0ATotal%3A%2033%20000%20FCFA%0A%F0%9F%94%97%20Partagez%20votre%20position%20%3A%20http%3A%2F%2Flocalhost%2FCLAUDISHOP%2Fdriver%2Fpartager_position.php%3Ftoken%3Db9715a019b2cb23f6fa69afd1e4bbf697769d3c8c57f8787161880ae6fe7f4ad | Livraison ClaudiShop #0005
Client: Uziel de SOUZA (0151067689)
Position : https://www.openstreetmap.
[2026-05-15 17:03:45]  | https://wa.me/229198922294?text=Livraison%20ClaudiShop%20%230007%0AClient%3A%20Uziel%20de%20SOUZA%20%280198922292%29%0APosition%20%3A%20https%3A%2F%2Fwww.openstreetmap.org%2F%3Fmlat%3D6.3670801321636%26mlon%3D2.3928643001256%26zoom%3D15%0ATotal%3A%2041%20900%20FCFA%0A%F0%9F%94%97%20Partagez%20votre%20position%20%3A%20http%3A%2F%2Flocalhost%2FCLAUDISHOP%2Fdriver%2Fpartager_position.php%3Ftoken%3D275296581d23034e140b9f7eb3cfb5dfe9fc9cf704d8b8a64210e81345e683b3 | Livraison ClaudiShop #0007
Client: Uziel de SOUZA (0198922292)
Position : https://www.openstreetmap.
[2026-05-15 17:26:36]  | https://wa.me/229151067689?text=Livraison%20ClaudiShop%20%23CMD-000001%0AClient%3A%20Uziel%20de%20SOUZA%20%280198922294%29%0APosition%20GPS%20%3A%20https%3A%2F%2Fwww.openstreetmap.org%2F%3Fmlat%3D6.3670815%26mlon%3D2.3928779%26zoom%3D15%0AZone%20%3A%20Cotonou%20Zone%20A%0ATotal%3A%2081%20300%20FCFA%0A%F0%9F%94%97%20Partagez%20votre%20position%20%3A%20http%3A%2F%2Flocalhost%2FCLAUDISHOP%2Fdriver%2Fpartager_position.php%3Ftoken%3Dbbb90ffa06fde78c81b01ce577a5213c3d26ab494a71010867ff5e0e60cef384 | Livraison ClaudiShop #CMD-000001
Client: Uziel de SOUZA (0198922294)
Position GPS : https://www.open
[2026-05-15 18:00:19]  | https://wa.me/22996063768?text=Livraison%20ClaudiShop%20%230002%0AClient%3A%20Uziel%20de%20SOUZA%20%280198922294%29%0APosition%20%3A%20https%3A%2F%2Fwww.openstreetmap.org%2F%3Fmlat%3D6.3670801321636%26mlon%3D2.3928643001256%26zoom%3D15%0ATotal%3A%2033%20000%20FCFA%0A%F0%9F%94%97%20Partagez%20votre%20position%20%3A%20http%3A%2F%2F192.168.100.27%2FCLAUDISHOP%2Fdriver%2Fpartager_position.php%3Ftoken%3Dc1dac55b7df117ee66f9ab64b4e9c9fde016e8c2b506ab96a4a42ea9f6382072 | Livraison ClaudiShop #0002
Client: Uziel de SOUZA (0198922294)
Position : https://www.openstreetmap.
